<?xml version="1.0" encoding="UTF-8"?>
<!-- Generated by org.testng.reporters.JUnitReportReporter -->
<testsuite hostname="DESKTOP-RAEVV8E" failures="0" tests="1" name="classAction.DragDropTest" time="10.011" errors="0" timestamp="2021-08-03T15:57:14 EDT" skipped="0">
  <testcase classname="classAction.DragDropTest" name="dragDrop2" time="10.011"/>
  <system-out/>
</testsuite> <!-- classAction.DragDropTest -->
