<?xml version="1.0" encoding="UTF-8"?>
<!-- Generated by org.testng.reporters.JUnitReportReporter -->
<testsuite hostname="DESKTOP-RAEVV8E" failures="0" tests="1" name="classAction.SendKeysTest" time="2.967" errors="0" timestamp="2021-08-03T16:04:55 EDT" skipped="0">
  <testcase classname="classAction.SendKeysTest" name="move" time="2.967"/>
  <system-out/>
</testsuite> <!-- classAction.SendKeysTest -->
