<?xml version="1.0" encoding="UTF-8"?>
<!-- Generated by org.testng.reporters.JUnitReportReporter -->
<testsuite hostname="DESKTOP-RAEVV8E" failures="0" tests="1" name="classAction.ContextClickTest" time="1.186" errors="0" timestamp="2021-08-03T15:46:18 EDT" skipped="0">
  <testcase classname="classAction.ContextClickTest" name="clickContext" time="1.186"/>
  <system-out/>
</testsuite> <!-- classAction.ContextClickTest -->
