<?xml version="1.0" encoding="UTF-8"?>
<!-- Generated by org.testng.reporters.JUnitReportReporter -->
<testsuite hostname="DESKTOP-RAEVV8E" failures="0" tests="1" name="classAction.DragDropTest" time="9.995" errors="0" timestamp="2021-08-04T02:15:51 EDT" skipped="0">
  <testcase classname="classAction.DragDropTest" name="dragDrop2" time="9.995"/>
  <system-out/>
</testsuite> <!-- classAction.DragDropTest -->
