<?xml version="1.0" encoding="UTF-8"?>
<!-- Generated by org.testng.reporters.JUnitReportReporter -->
<testsuite hostname="DESKTOP-RAEVV8E" failures="0" tests="2" name="classAction.DragDropTest" time="11.571" errors="0" timestamp="2021-08-03T19:47:34 EDT" skipped="0">
  <testcase classname="classAction.DragDropTest" name="dragDrop2" time="9.642"/>
  <system-out/>
  <testcase classname="classAction.DragDropTest" name="dragDrop" time="1.929"/>
  <system-out/>
</testsuite> <!-- classAction.DragDropTest -->
