<?xml version="1.0" encoding="UTF-8"?>
<!-- Generated by org.testng.reporters.JUnitReportReporter -->
<testsuite hostname="DESKTOP-RAEVV8E" failures="0" tests="1" name="classAction.LeftClickTest" time="4.438" errors="0" timestamp="2021-08-03T17:16:01 EDT" skipped="0">
  <testcase classname="classAction.LeftClickTest" name="leftClickTest" time="4.438"/>
  <system-out/>
</testsuite> <!-- classAction.LeftClickTest -->
